<?xml version="1.0" encoding="UTF-8"?>
<testng-results ignored="0" total="2" passed="2" failed="0" skipped="0">
  <reporter-output>
  </reporter-output>
  <suite started-at="2023-09-26T23:17:40 PDT" name="Default suite" finished-at="2023-09-26T23:18:24 PDT" duration-ms="44698">
    <groups>
    </groups>
    <test started-at="2023-09-26T23:17:40 PDT" name="Default test" finished-at="2023-09-26T23:18:24 PDT" duration-ms="44698">
      <class name="testng.tests">
        <test-method is-config="true" signature="setup()[pri:0, instance:testng.tests@293a5bf6]" started-at="2023-09-26T23:17:40 PDT" name="setup" finished-at="2023-09-26T23:17:58 PDT" duration-ms="18762" status="PASS">
          <reporter-output>
          </reporter-output>
        </test-method> <!-- setup -->
        <test-method signature="test()[pri:0, instance:testng.tests@293a5bf6]" started-at="2023-09-26T23:17:58 PDT" name="test" finished-at="2023-09-26T23:18:00 PDT" duration-ms="1186" status="PASS">
          <reporter-output>
          </reporter-output>
        </test-method> <!-- test -->
        <test-method is-config="true" signature="setup()[pri:0, instance:testng.tests@293a5bf6]" started-at="2023-09-26T23:18:00 PDT" name="setup" finished-at="2023-09-26T23:18:22 PDT" duration-ms="22667" status="PASS">
          <reporter-output>
          </reporter-output>
        </test-method> <!-- setup -->
        <test-method signature="test2()[pri:0, instance:testng.tests@293a5bf6]" started-at="2023-09-26T23:18:22 PDT" name="test2" finished-at="2023-09-26T23:18:24 PDT" duration-ms="2025" status="PASS">
          <reporter-output>
          </reporter-output>
        </test-method> <!-- test2 -->
      </class> <!-- testng.tests -->
    </test> <!-- Default test -->
  </suite> <!-- Default suite -->
</testng-results>
